Using pre-set license
Built from '2021.3/release' branch; Version is '2021.3.12f1 (8af3c3e441b1) revision 9106371'; Using compiler version '192829333'; Build Type 'Release'
OS: 'Windows 11  (10.0.22621) 64bit Professional' Language: 'en' Physical Memory: 16253 MB
BatchMode: 1, IsHumanControllingUs: 0, StartBugReporterOnCrash: 0, Is64bit: 1, IsPro: 1

COMMAND LINE ARGUMENTS:
C:\Program Files\Unity\Hub\Editor\2021.3.12f1\Editor\Unity.exe
-adb2
-batchMode
-noUpm
-name
AssetImportWorker2
-projectPath
C:/Users/Senkuviene/Desktop/Sunkiausiaszaidimas2
-logFile
Logs/AssetImportWorker2.log
-srvPort
57490
Successfully changed project path to: C:/Users/Senkuviene/Desktop/Sunkiausiaszaidimas2
C:/Users/Senkuviene/Desktop/Sunkiausiaszaidimas2
[UnityMemory] Configuration Parameters - Can be set up in boot.config
    "memorysetup-bucket-allocator-granularity=16"
    "memorysetup-bucket-allocator-bucket-count=8"
    "memorysetup-bucket-allocator-block-size=33554432"
    "memorysetup-bucket-allocator-block-count=8"
    "memorysetup-main-allocator-block-size=16777216"
    "memorysetup-thread-allocator-block-size=16777216"
    "memorysetup-gfx-main-allocator-block-size=16777216"
    "memorysetup-gfx-thread-allocator-block-size=16777216"
    "memorysetup-cache-allocator-block-size=4194304"
    "memorysetup-typetree-allocator-block-size=2097152"
    "memorysetup-profiler-bucket-allocator-granularity=16"
    "memorysetup-profiler-bucket-allocator-bucket-count=8"
    "memorysetup-profiler-bucket-allocator-block-size=33554432"
    "memorysetup-profiler-bucket-allocator-block-count=8"
    "memorysetup-profiler-allocator-block-size=16777216"
    "memorysetup-profiler-editor-allocator-block-size=1048576"
    "memorysetup-temp-allocator-size-main=16777216"
    "memorysetup-job-temp-allocator-block-size=2097152"
    "memorysetup-job-temp-allocator-block-size-background=1048576"
    "memorysetup-job-temp-allocator-reduction-small-platforms=262144"
    "memorysetup-temp-allocator-size-background-worker=32768"
    "memorysetup-temp-allocator-size-job-worker=262144"
    "memorysetup-temp-allocator-size-preload-manager=33554432"
    "memorysetup-temp-allocator-size-nav-mesh-worker=65536"
    "memorysetup-temp-allocator-size-audio-worker=65536"
    "memorysetup-temp-allocator-size-cloud-worker=32768"
    "memorysetup-temp-allocator-size-gi-baking-worker=262144"
    "memorysetup-temp-allocator-size-gfx=262144"
Refreshing native plugins compatible for Editor in 81.53 ms, found 3 plugins.
Preloading 0 native plugins for Editor in 0.00 ms.
Initialize engine version: 2021.3.12f1 (8af3c3e441b1)
[Subsystems] Discovering subsystems at path C:/Program Files/Unity/Hub/Editor/2021.3.12f1/Editor/Data/Resources/UnitySubsystems
[Subsystems] Discovering subsystems at path C:/Users/Senkuviene/Desktop/Sunkiausiaszaidimas2/Assets
GfxDevice: creating device client; threaded=0; jobified=0
Direct3D:
    Version:  Direct3D 11.0 [level 11.1]
    Renderer: NVIDIA GeForce RTX 2060 (ID=0x1f08)
    Vendor:   NVIDIA
    VRAM:     5968 MB
    Driver:   31.0.15.3179
Initialize mono
Mono path[0] = 'C:/Program Files/Unity/Hub/Editor/2021.3.12f1/Editor/Data/Managed'
Mono path[1] = 'C:/Program Files/Unity/Hub/Editor/2021.3.12f1/Editor/Data/MonoBleedingEdge/lib/mono/unityjit-win32'
Mono config path = 'C:/Program Files/Unity/Hub/Editor/2021.3.12f1/Editor/Data/MonoBleedingEdge/etc'
Using monoOptions --debugger-agent=transport=dt_socket,embedding=1,server=y,suspend=n,address=127.0.0.1:56864
Begin MonoManager ReloadAssembly
Registering precompiled unity dll's ...
Register platform support module: C:/Program Files/Unity/Hub/Editor/2021.3.12f1/Editor/Data/PlaybackEngines/WebGLSupport/UnityEditor.WebGL.Extensions.dll
Register platform support module: C:/Program Files/Unity/Hub/Editor/2021.3.12f1/Editor/Data/PlaybackEngines/WindowsStandaloneSupport/UnityEditor.WindowsStandalone.Extensions.dll
Registered in 0.006364 seconds.
Native extension for WindowsStandalone target not found
Native extension for WebGL target not found
Refreshing native plugins compatible for Editor in 84.32 ms, found 3 plugins.
Preloading 0 native plugins for Editor in 0.00 ms.
Mono: successfully reloaded assembly
- Completed reload, in  0.750 seconds
Domain Reload Profiling:
	ReloadAssembly (750ms)
		BeginReloadAssembly (112ms)
			ExecutionOrderSort (0ms)
			DisableScriptedObjects (0ms)
			BackupInstance (0ms)
			ReleaseScriptingObjects (0ms)
			CreateAndSetChildDomain (1ms)
		EndReloadAssembly (507ms)
			LoadAssemblies (109ms)
			RebuildTransferFunctionScriptingTraits (0ms)
			SetupTypeCache (123ms)
			ReleaseScriptCaches (0ms)
			RebuildScriptCaches (30ms)
			SetupLoadedEditorAssemblies (302ms)
				LogAssemblyErrors (0ms)
				InitializePlatformSupportModulesInManaged (10ms)
				SetLoadedEditorAssemblies (0ms)
				RefreshPlugins (84ms)
				BeforeProcessingInitializeOnLoad (2ms)
				ProcessInitializeOnLoadAttributes (152ms)
				ProcessInitializeOnLoadMethodAttributes (54ms)
				AfterProcessingInitializeOnLoad (0ms)
				EditorAssembliesLoaded (0ms)
			ExecutionOrderSort2 (0ms)
			AwakeInstancesAfterBackupRestoration (0ms)
Platform modules already initialized, skipping
Registering precompiled user dll's ...
Registered in 0.007580 seconds.
Begin MonoManager ReloadAssembly
Symbol file LoadedFromMemory doesn't match image C:\Users\Senkuviene\Desktop\Sunkiausiaszaidimas2\Library\PackageCache\com.unity.visualscripting@1.7.8\Editor\VisualScripting.Core\Dependencies\YamlDotNet\Unity.VisualScripting.YamlDotNet.dll
Symbol file LoadedFromMemory doesn't match image C:\Users\Senkuviene\Desktop\Sunkiausiaszaidimas2\Library\PackageCache\com.unity.visualscripting@1.7.8\Editor\VisualScripting.Core\Dependencies\DotNetZip\Unity.VisualScripting.IonicZip.dll
Native extension for WindowsStandalone target not found
Native extension for WebGL target not found
Refreshing native plugins compatible for Editor in 0.41 ms, found 3 plugins.
Preloading 0 native plugins for Editor in 0.00 ms.
Mono: successfully reloaded assembly
- Completed reload, in  0.959 seconds
Domain Reload Profiling:
	ReloadAssembly (960ms)
		BeginReloadAssembly (102ms)
			ExecutionOrderSort (0ms)
			DisableScriptedObjects (6ms)
			BackupInstance (0ms)
			ReleaseScriptingObjects (0ms)
			CreateAndSetChildDomain (21ms)
		EndReloadAssembly (757ms)
			LoadAssemblies (107ms)
			RebuildTransferFunctionScriptingTraits (0ms)
			SetupTypeCache (213ms)
			ReleaseScriptCaches (0ms)
			RebuildScriptCaches (40ms)
			SetupLoadedEditorAssemblies (366ms)
				LogAssemblyErrors (0ms)
				InitializePlatformSupportModulesInManaged (5ms)
				SetLoadedEditorAssemblies (0ms)
				RefreshPlugins (0ms)
				BeforeProcessingInitializeOnLoad (74ms)
				ProcessInitializeOnLoadAttributes (257ms)
				ProcessInitializeOnLoadMethodAttributes (23ms)
				AfterProcessingInitializeOnLoad (6ms)
				EditorAssembliesLoaded (0ms)
			ExecutionOrderSort2 (0ms)
			AwakeInstancesAfterBackupRestoration (5ms)
Platform modules already initialized, skipping
========================================================================
Worker process is ready to serve import requests
Launched and connected shader compiler UnityShaderCompiler.exe after 0.04 seconds
Refreshing native plugins compatible for Editor in 2.75 ms, found 3 plugins.
Preloading 0 native plugins for Editor in 0.00 ms.
Unloading 3384 Unused Serialized files (Serialized files now loaded: 0)
Unloading 27 unused Assets / (113.4 KB). Loaded Objects now: 3841.
Memory consumption went from 116.3 MB to 116.2 MB.
Total: 2.551500 ms (FindLiveObjects: 0.281700 ms CreateObjectMapping: 0.143400 ms MarkObjects: 2.039500 ms  DeleteObjects: 0.086000 ms)

AssetImportParameters requested are different than current active one (requested -> active):
  custom:video-decoder-ogg-theora: a1e56fd34408186e4bbccfd4996cb3dc -> 
  custom:container-muxer-webm: aa71ff27fc2769a1b78a27578f13a17b -> 
  custom:container-demuxer-webm: 4f35f7cbe854078d1ac9338744f61a02 -> 
  custom:video-encoder-webm-vp8: eb34c28f22e8b96e1ab97ce403110664 -> 
  custom:audio-encoder-webm-vorbis: bf7c407c2cedff20999df2af8eb42d56 -> 
  custom:framework-win-MediaFoundation: 216162199b28c13a410421893ffa2e32 -> 
  custom:container-demuxer-ogg: 62fdf1f143b41e24485cea50d1cbac27 -> 
  custom:video-decoder-webm-vp8: 9c59270c3fd7afecdb556c50c9e8de78 -> 
  custom:audio-decoder-ogg-vorbis: bf7c407c2cedff20999df2af8eb42d56 -> 
========================================================================
Received Import Request.
  Time since last request: 784475.911966 seconds.
  path: Assets/FBX format/pipe_open.fbx
  artifactKey: Guid(10961f3d99545f74e8ce3ca7bc030f10) Importer(815301076,1909f56bfc062723c751e8b465ee728b)
Start importing Assets/FBX format/pipe_open.fbx using Guid(10961f3d99545f74e8ce3ca7bc030f10) Importer(815301076,1909f56bfc062723c751e8b465ee728b)  -> (artifact id: 'c901699ba3e35541fb3ebb80fbc1d766') in 0.254715 seconds 
========================================================================
Received Import Request.
  Time since last request: 0.000029 seconds.
  path: Assets/FBX format/rock_crystalsLargeA.fbx
  artifactKey: Guid(63c93ab3d094b0c45b0c9715d9b19b9d) Importer(815301076,1909f56bfc062723c751e8b465ee728b)
Start importing Assets/FBX format/rock_crystalsLargeA.fbx using Guid(63c93ab3d094b0c45b0c9715d9b19b9d) Importer(815301076,1909f56bfc062723c751e8b465ee728b)  -> (artifact id: '9b3fe7bfbd4ff498760e2d3848aa3f56') in 0.034471 seconds 
========================================================================
Received Import Request.
  Time since last request: 0.000048 seconds.
  path: Assets/FBX format/platform_low.fbx
  artifactKey: Guid(9f68cc01ef03941469616244965b449c) Importer(815301076,1909f56bfc062723c751e8b465ee728b)
Start importing Assets/FBX format/platform_low.fbx using Guid(9f68cc01ef03941469616244965b449c) Importer(815301076,1909f56bfc062723c751e8b465ee728b)  -> (artifact id: 'f2b482320eec51acd30027dd810fa867') in 0.035291 seconds 
========================================================================
Received Import Request.
  Time since last request: 0.000021 seconds.
  path: Assets/FBX format/satelliteDish_large.fbx
  artifactKey: Guid(a2805b4054e376e4485abc35bf0a0a98) Importer(815301076,1909f56bfc062723c751e8b465ee728b)
Start importing Assets/FBX format/satelliteDish_large.fbx using Guid(a2805b4054e376e4485abc35bf0a0a98) Importer(815301076,1909f56bfc062723c751e8b465ee728b)  -> (artifact id: 'e64bfc45733720a65fa058ba6a032dab') in 0.035374 seconds 
========================================================================
Received Import Request.
  Time since last request: 0.000024 seconds.
  path: Assets/FBX format/rocks_smallB.fbx
  artifactKey: Guid(422cd02bc4a4d0a4da717e9b3fc49b79) Importer(815301076,1909f56bfc062723c751e8b465ee728b)
Start importing Assets/FBX format/rocks_smallB.fbx using Guid(422cd02bc4a4d0a4da717e9b3fc49b79) Importer(815301076,1909f56bfc062723c751e8b465ee728b)  -> (artifact id: '973b9dd6ae51018482625932e3147106') in 0.027580 seconds 
========================================================================
Received Import Request.
  Time since last request: 0.000028 seconds.
  path: Assets/FBX format/supports_high.fbx
  artifactKey: Guid(6ed0045ad85798c4d9b5ab428112168c) Importer(815301076,1909f56bfc062723c751e8b465ee728b)
Start importing Assets/FBX format/supports_high.fbx using Guid(6ed0045ad85798c4d9b5ab428112168c) Importer(815301076,1909f56bfc062723c751e8b465ee728b)  -> (artifact id: '4e9a99bfac553199a6463f0960431825') in 0.042154 seconds 
========================================================================
Received Import Request.
  Time since last request: 0.000026 seconds.
  path: Assets/FBX format/platform_large.fbx
  artifactKey: Guid(c83a70d77ea504f41a80de35e61ad965) Importer(815301076,1909f56bfc062723c751e8b465ee728b)
Start importing Assets/FBX format/platform_large.fbx using Guid(c83a70d77ea504f41a80de35e61ad965) Importer(815301076,1909f56bfc062723c751e8b465ee728b)  -> (artifact id: '808d69cc90a3d6fa640122091631efbe') in 0.032744 seconds 
========================================================================
Received Import Request.
  Time since last request: 0.000023 seconds.
  path: Assets/FBX format/structure_detailed.fbx
  artifactKey: Guid(c1525b40149ed604893f514f395b5fb3) Importer(815301076,1909f56bfc062723c751e8b465ee728b)
Start importing Assets/FBX format/structure_detailed.fbx using Guid(c1525b40149ed604893f514f395b5fb3) Importer(815301076,1909f56bfc062723c751e8b465ee728b)  -> (artifact id: 'a6e27b33787c590a6aa7d637731853d3') in 0.034558 seconds 
========================================================================
Received Import Request.
  Time since last request: 0.000030 seconds.
  path: Assets/FBX format/rover.fbx
  artifactKey: Guid(f0c3d8c961dfde04ab0ea0ec4fb60dbc) Importer(815301076,1909f56bfc062723c751e8b465ee728b)
Start importing Assets/FBX format/rover.fbx using Guid(f0c3d8c961dfde04ab0ea0ec4fb60dbc) Importer(815301076,1909f56bfc062723c751e8b465ee728b)  -> (artifact id: 'd57de01ea1f00c2cc70dc1e60e50f582') in 0.041754 seconds 
========================================================================
Received Import Request.
  Time since last request: 0.000036 seconds.
  path: Assets/FBX format/satelliteDish_detailed.fbx
  artifactKey: Guid(56855cd8f1283df449817c3aeffb97bb) Importer(815301076,1909f56bfc062723c751e8b465ee728b)
Start importing Assets/FBX format/satelliteDish_detailed.fbx using Guid(56855cd8f1283df449817c3aeffb97bb) Importer(815301076,1909f56bfc062723c751e8b465ee728b)  -> (artifact id: 'fb68b8757fc3f79242e508babdf8e282') in 0.045988 seconds 
========================================================================
Received Import Request.
  Time since last request: 0.000021 seconds.
  path: Assets/FBX format/stairs_corner.fbx
  artifactKey: Guid(97c16fa76b9ff6049b8b6aecf9baeee4) Importer(815301076,1909f56bfc062723c751e8b465ee728b)
Start importing Assets/FBX format/stairs_corner.fbx using Guid(97c16fa76b9ff6049b8b6aecf9baeee4) Importer(815301076,1909f56bfc062723c751e8b465ee728b)  -> (artifact id: '8e37d217aaa2e6117ad1b6e8ff293145') in 0.035597 seconds 
========================================================================
Received Import Request.
  Time since last request: 0.000024 seconds.
  path: Assets/FBX format/rocket_baseB.fbx
  artifactKey: Guid(758bb066444b61f438fe4267ad0dd466) Importer(815301076,1909f56bfc062723c751e8b465ee728b)
Start importing Assets/FBX format/rocket_baseB.fbx using Guid(758bb066444b61f438fe4267ad0dd466) Importer(815301076,1909f56bfc062723c751e8b465ee728b)  -> (artifact id: '81eb99156efe20c857a92c3351fffc52') in 0.036131 seconds 
========================================================================
Received Import Request.
  Time since last request: 0.000033 seconds.
  path: Assets/FBX format/terrain_roadEnd.fbx
  artifactKey: Guid(8cec609ab80705d4889401f9f21a11fe) Importer(815301076,1909f56bfc062723c751e8b465ee728b)
Start importing Assets/FBX format/terrain_roadEnd.fbx using Guid(8cec609ab80705d4889401f9f21a11fe) Importer(815301076,1909f56bfc062723c751e8b465ee728b)  -> (artifact id: 'c47864e574dde576b375a8b4947b9791') in 0.052925 seconds 
========================================================================
Received Import Request.
  Time since last request: 0.000151 seconds.
  path: Assets/FBX format/terrain_sideEnd.fbx
  artifactKey: Guid(872a54bbe654acd4d9a6c982a7246293) Importer(815301076,1909f56bfc062723c751e8b465ee728b)
Start importing Assets/FBX format/terrain_sideEnd.fbx using Guid(872a54bbe654acd4d9a6c982a7246293) Importer(815301076,1909f56bfc062723c751e8b465ee728b)  -> (artifact id: 'ab8beb7e12fae649f8103fbb75609ba9') in 0.039969 seconds 
========================================================================
Received Import Request.
  Time since last request: 0.000033 seconds.
  path: Assets/FBX format/terrain_sideCliff.fbx
  artifactKey: Guid(623b9cba170d46f4ea3d2940365122eb) Importer(815301076,1909f56bfc062723c751e8b465ee728b)
Start importing Assets/FBX format/terrain_sideCliff.fbx using Guid(623b9cba170d46f4ea3d2940365122eb) Importer(815301076,1909f56bfc062723c751e8b465ee728b)  -> (artifact id: 'a0995105a8fa6724e339c186742425cc') in 0.036637 seconds 
========================================================================
Received Import Request.
  Time since last request: 0.000036 seconds.
  path: Assets/FBX format/terrain_roadSplit.fbx
  artifactKey: Guid(713ee001163f5984da6b4f08f9fb21ea) Importer(815301076,1909f56bfc062723c751e8b465ee728b)
Start importing Assets/FBX format/terrain_roadSplit.fbx using Guid(713ee001163f5984da6b4f08f9fb21ea) Importer(815301076,1909f56bfc062723c751e8b465ee728b)  -> (artifact id: '6442bd6206ed4eea15f92cd4102db6f1') in 0.038853 seconds 
========================================================================
Received Import Request.
  Time since last request: 0.000033 seconds.
  path: Assets/FBX format/rail.fbx
  artifactKey: Guid(d18990dc51337394ea46759cda99731b) Importer(815301076,1909f56bfc062723c751e8b465ee728b)
Start importing Assets/FBX format/rail.fbx using Guid(d18990dc51337394ea46759cda99731b) Importer(815301076,1909f56bfc062723c751e8b465ee728b)  -> (artifact id: '66d5f1677c2f01204c920962d4523d45') in 0.035986 seconds 
========================================================================
Received Import Request.
  Time since last request: 0.766367 seconds.
  path: Assets/FBX format/weapon_gun.fbx
  artifactKey: Guid(4629fe9899f353241935d1c508aec7f4) Importer(815301076,1909f56bfc062723c751e8b465ee728b)
Start importing Assets/FBX format/weapon_gun.fbx using Guid(4629fe9899f353241935d1c508aec7f4) Importer(815301076,1909f56bfc062723c751e8b465ee728b)  -> (artifact id: '39024ae068bf6612cb8f3db7c8e23272') in 0.028850 seconds 
========================================================================
Received Prepare
Registering precompiled user dll's ...
Registered in 0.004310 seconds.
Begin MonoManager ReloadAssembly
Symbol file LoadedFromMemory doesn't match image C:\Users\Senkuviene\Desktop\Sunkiausiaszaidimas2\Library\PackageCache\com.unity.visualscripting@1.7.8\Editor\VisualScripting.Core\Dependencies\YamlDotNet\Unity.VisualScripting.YamlDotNet.dll
Symbol file LoadedFromMemory doesn't match image C:\Users\Senkuviene\Desktop\Sunkiausiaszaidimas2\Library\PackageCache\com.unity.visualscripting@1.7.8\Editor\VisualScripting.Core\Dependencies\DotNetZip\Unity.VisualScripting.IonicZip.dll
Native extension for WindowsStandalone target not found
Native extension for WebGL target not found
Refreshing native plugins compatible for Editor in 0.41 ms, found 3 plugins.
Preloading 0 native plugins for Editor in 0.00 ms.
Mono: successfully reloaded assembly
- Completed reload, in  0.908 seconds
Domain Reload Profiling:
	ReloadAssembly (909ms)
		BeginReloadAssembly (112ms)
			ExecutionOrderSort (0ms)
			DisableScriptedObjects (3ms)
			BackupInstance (0ms)
			ReleaseScriptingObjects (0ms)
			CreateAndSetChildDomain (33ms)
		EndReloadAssembly (706ms)
			LoadAssemblies (70ms)
			RebuildTransferFunctionScriptingTraits (0ms)
			SetupTypeCache (239ms)
			ReleaseScriptCaches (1ms)
			RebuildScriptCaches (33ms)
			SetupLoadedEditorAssemblies (327ms)
				LogAssemblyErrors (0ms)
				InitializePlatformSupportModulesInManaged (11ms)
				SetLoadedEditorAssemblies (0ms)
				RefreshPlugins (0ms)
				BeforeProcessingInitializeOnLoad (58ms)
				ProcessInitializeOnLoadAttributes (220ms)
				ProcessInitializeOnLoadMethodAttributes (29ms)
				AfterProcessingInitializeOnLoad (7ms)
				EditorAssembliesLoaded (0ms)
			ExecutionOrderSort2 (0ms)
			AwakeInstancesAfterBackupRestoration (6ms)
Platform modules already initialized, skipping
Refreshing native plugins compatible for Editor in 2.05 ms, found 3 plugins.
Preloading 0 native plugins for Editor in 0.00 ms.
Unloading 3379 Unused Serialized files (Serialized files now loaded: 0)
Unloading 20 unused Assets / (79.8 KB). Loaded Objects now: 3888.
Memory consumption went from 121.0 MB to 121.0 MB.
Total: 2.823900 ms (FindLiveObjects: 0.256500 ms CreateObjectMapping: 0.127900 ms MarkObjects: 2.330700 ms  DeleteObjects: 0.107400 ms)

AssetImportParameters requested are different than current active one (requested -> active):
  custom:video-decoder-ogg-theora: a1e56fd34408186e4bbccfd4996cb3dc -> 
  custom:container-muxer-webm: aa71ff27fc2769a1b78a27578f13a17b -> 
  custom:container-demuxer-webm: 4f35f7cbe854078d1ac9338744f61a02 -> 
  custom:video-encoder-webm-vp8: eb34c28f22e8b96e1ab97ce403110664 -> 
  custom:audio-encoder-webm-vorbis: bf7c407c2cedff20999df2af8eb42d56 -> 
  custom:framework-win-MediaFoundation: 216162199b28c13a410421893ffa2e32 -> 
  custom:container-demuxer-ogg: 62fdf1f143b41e24485cea50d1cbac27 -> 
  custom:video-decoder-webm-vp8: 9c59270c3fd7afecdb556c50c9e8de78 -> 
  custom:audio-decoder-ogg-vorbis: bf7c407c2cedff20999df2af8eb42d56 -> 
========================================================================
Received Prepare
Registering precompiled user dll's ...
Registered in 0.005773 seconds.
Begin MonoManager ReloadAssembly
Symbol file LoadedFromMemory doesn't match image C:\Users\Senkuviene\Desktop\Sunkiausiaszaidimas2\Library\PackageCache\com.unity.visualscripting@1.7.8\Editor\VisualScripting.Core\Dependencies\YamlDotNet\Unity.VisualScripting.YamlDotNet.dll
Symbol file LoadedFromMemory doesn't match image C:\Users\Senkuviene\Desktop\Sunkiausiaszaidimas2\Library\PackageCache\com.unity.visualscripting@1.7.8\Editor\VisualScripting.Core\Dependencies\DotNetZip\Unity.VisualScripting.IonicZip.dll
Native extension for WindowsStandalone target not found
Native extension for WebGL target not found
Refreshing native plugins compatible for Editor in 0.57 ms, found 3 plugins.
Preloading 0 native plugins for Editor in 0.00 ms.
Mono: successfully reloaded assembly
- Completed reload, in  1.142 seconds
Domain Reload Profiling:
	ReloadAssembly (1143ms)
		BeginReloadAssembly (153ms)
			ExecutionOrderSort (0ms)
			DisableScriptedObjects (6ms)
			BackupInstance (0ms)
			ReleaseScriptingObjects (0ms)
			CreateAndSetChildDomain (41ms)
		EndReloadAssembly (862ms)
			LoadAssemblies (101ms)
			RebuildTransferFunctionScriptingTraits (0ms)
			SetupTypeCache (299ms)
			ReleaseScriptCaches (1ms)
			RebuildScriptCaches (46ms)
			SetupLoadedEditorAssemblies (376ms)
				LogAssemblyErrors (0ms)
				InitializePlatformSupportModulesInManaged (19ms)
				SetLoadedEditorAssemblies (0ms)
				RefreshPlugins (1ms)
				BeforeProcessingInitializeOnLoad (73ms)
				ProcessInitializeOnLoadAttributes (243ms)
				ProcessInitializeOnLoadMethodAttributes (31ms)
				AfterProcessingInitializeOnLoad (9ms)
				EditorAssembliesLoaded (0ms)
			ExecutionOrderSort2 (0ms)
			AwakeInstancesAfterBackupRestoration (7ms)
Platform modules already initialized, skipping
Refreshing native plugins compatible for Editor in 1.76 ms, found 3 plugins.
Preloading 0 native plugins for Editor in 0.00 ms.
Unloading 3379 Unused Serialized files (Serialized files now loaded: 0)
Unloading 20 unused Assets / (79.7 KB). Loaded Objects now: 3891.
Memory consumption went from 121.1 MB to 121.0 MB.
Total: 2.474000 ms (FindLiveObjects: 0.224700 ms CreateObjectMapping: 0.124600 ms MarkObjects: 2.048600 ms  DeleteObjects: 0.075100 ms)

AssetImportParameters requested are different than current active one (requested -> active):
  custom:video-decoder-ogg-theora: a1e56fd34408186e4bbccfd4996cb3dc -> 
  custom:container-muxer-webm: aa71ff27fc2769a1b78a27578f13a17b -> 
  custom:container-demuxer-webm: 4f35f7cbe854078d1ac9338744f61a02 -> 
  custom:video-encoder-webm-vp8: eb34c28f22e8b96e1ab97ce403110664 -> 
  custom:audio-encoder-webm-vorbis: bf7c407c2cedff20999df2af8eb42d56 -> 
  custom:framework-win-MediaFoundation: 216162199b28c13a410421893ffa2e32 -> 
  custom:container-demuxer-ogg: 62fdf1f143b41e24485cea50d1cbac27 -> 
  custom:video-decoder-webm-vp8: 9c59270c3fd7afecdb556c50c9e8de78 -> 
  custom:audio-decoder-ogg-vorbis: bf7c407c2cedff20999df2af8eb42d56 -> 
========================================================================
Received Prepare
Registering precompiled user dll's ...
Registered in 0.004800 seconds.
Begin MonoManager ReloadAssembly
Symbol file LoadedFromMemory doesn't match image C:\Users\Senkuviene\Desktop\Sunkiausiaszaidimas2\Library\PackageCache\com.unity.visualscripting@1.7.8\Editor\VisualScripting.Core\Dependencies\YamlDotNet\Unity.VisualScripting.YamlDotNet.dll
Symbol file LoadedFromMemory doesn't match image C:\Users\Senkuviene\Desktop\Sunkiausiaszaidimas2\Library\PackageCache\com.unity.visualscripting@1.7.8\Editor\VisualScripting.Core\Dependencies\DotNetZip\Unity.VisualScripting.IonicZip.dll
Native extension for WindowsStandalone target not found
Native extension for WebGL target not found
Refreshing native plugins compatible for Editor in 0.46 ms, found 3 plugins.
Preloading 0 native plugins for Editor in 0.00 ms.
Mono: successfully reloaded assembly
- Completed reload, in  0.883 seconds
Domain Reload Profiling:
	ReloadAssembly (884ms)
		BeginReloadAssembly (113ms)
			ExecutionOrderSort (0ms)
			DisableScriptedObjects (5ms)
			BackupInstance (0ms)
			ReleaseScriptingObjects (0ms)
			CreateAndSetChildDomain (35ms)
		EndReloadAssembly (694ms)
			LoadAssemblies (64ms)
			RebuildTransferFunctionScriptingTraits (0ms)
			SetupTypeCache (233ms)
			ReleaseScriptCaches (1ms)
			RebuildScriptCaches (37ms)
			SetupLoadedEditorAssemblies (311ms)
				LogAssemblyErrors (0ms)
				InitializePlatformSupportModulesInManaged (14ms)
				SetLoadedEditorAssemblies (0ms)
				RefreshPlugins (1ms)
				BeforeProcessingInitializeOnLoad (66ms)
				ProcessInitializeOnLoadAttributes (198ms)
				ProcessInitializeOnLoadMethodAttributes (26ms)
				AfterProcessingInitializeOnLoad (6ms)
				EditorAssembliesLoaded (0ms)
			ExecutionOrderSort2 (0ms)
			AwakeInstancesAfterBackupRestoration (6ms)
Platform modules already initialized, skipping
Refreshing native plugins compatible for Editor in 2.21 ms, found 3 plugins.
Preloading 0 native plugins for Editor in 0.00 ms.
Unloading 3379 Unused Serialized files (Serialized files now loaded: 0)
Unloading 20 unused Assets / (79.9 KB). Loaded Objects now: 3894.
Memory consumption went from 121.1 MB to 121.0 MB.
Total: 2.700300 ms (FindLiveObjects: 0.215300 ms CreateObjectMapping: 0.108800 ms MarkObjects: 2.290300 ms  DeleteObjects: 0.084500 ms)

AssetImportParameters requested are different than current active one (requested -> active):
  custom:video-decoder-ogg-theora: a1e56fd34408186e4bbccfd4996cb3dc -> 
  custom:container-muxer-webm: aa71ff27fc2769a1b78a27578f13a17b -> 
  custom:container-demuxer-webm: 4f35f7cbe854078d1ac9338744f61a02 -> 
  custom:video-encoder-webm-vp8: eb34c28f22e8b96e1ab97ce403110664 -> 
  custom:audio-encoder-webm-vorbis: bf7c407c2cedff20999df2af8eb42d56 -> 
  custom:framework-win-MediaFoundation: 216162199b28c13a410421893ffa2e32 -> 
  custom:container-demuxer-ogg: 62fdf1f143b41e24485cea50d1cbac27 -> 
  custom:video-decoder-webm-vp8: 9c59270c3fd7afecdb556c50c9e8de78 -> 
  custom:audio-decoder-ogg-vorbis: bf7c407c2cedff20999df2af8eb42d56 -> 
========================================================================
Received Prepare
Registering precompiled user dll's ...
Registered in 0.004348 seconds.
Begin MonoManager ReloadAssembly
Symbol file LoadedFromMemory doesn't match image C:\Users\Senkuviene\Desktop\Sunkiausiaszaidimas2\Library\PackageCache\com.unity.visualscripting@1.7.8\Editor\VisualScripting.Core\Dependencies\YamlDotNet\Unity.VisualScripting.YamlDotNet.dll
Symbol file LoadedFromMemory doesn't match image C:\Users\Senkuviene\Desktop\Sunkiausiaszaidimas2\Library\PackageCache\com.unity.visualscripting@1.7.8\Editor\VisualScripting.Core\Dependencies\DotNetZip\Unity.VisualScripting.IonicZip.dll
Native extension for WindowsStandalone target not found
Native extension for WebGL target not found
Refreshing native plugins compatible for Editor in 0.64 ms, found 3 plugins.
Preloading 0 native plugins for Editor in 0.00 ms.
Mono: successfully reloaded assembly
- Completed reload, in  0.903 seconds
Domain Reload Profiling:
	ReloadAssembly (904ms)
		BeginReloadAssembly (114ms)
			ExecutionOrderSort (0ms)
			DisableScriptedObjects (4ms)
			BackupInstance (0ms)
			ReleaseScriptingObjects (0ms)
			CreateAndSetChildDomain (30ms)
		EndReloadAssembly (716ms)
			LoadAssemblies (66ms)
			RebuildTransferFunctionScriptingTraits (0ms)
			SetupTypeCache (246ms)
			ReleaseScriptCaches (1ms)
			RebuildScriptCaches (47ms)
			SetupLoadedEditorAssemblies (303ms)
				LogAssemblyErrors (0ms)
				InitializePlatformSupportModulesInManaged (13ms)
				SetLoadedEditorAssemblies (1ms)
				RefreshPlugins (1ms)
				BeforeProcessingInitializeOnLoad (59ms)
				ProcessInitializeOnLoadAttributes (197ms)
				ProcessInitializeOnLoadMethodAttributes (26ms)
				AfterProcessingInitializeOnLoad (6ms)
				EditorAssembliesLoaded (0ms)
			ExecutionOrderSort2 (0ms)
			AwakeInstancesAfterBackupRestoration (6ms)
Platform modules already initialized, skipping
Refreshing native plugins compatible for Editor in 1.90 ms, found 3 plugins.
Preloading 0 native plugins for Editor in 0.00 ms.
Unloading 3379 Unused Serialized files (Serialized files now loaded: 0)
Unloading 20 unused Assets / (79.9 KB). Loaded Objects now: 3897.
Memory consumption went from 121.1 MB to 121.0 MB.
Total: 2.631500 ms (FindLiveObjects: 0.184400 ms CreateObjectMapping: 0.096600 ms MarkObjects: 2.280800 ms  DeleteObjects: 0.068500 ms)

AssetImportParameters requested are different than current active one (requested -> active):
  custom:video-decoder-ogg-theora: a1e56fd34408186e4bbccfd4996cb3dc -> 
  custom:container-muxer-webm: aa71ff27fc2769a1b78a27578f13a17b -> 
  custom:container-demuxer-webm: 4f35f7cbe854078d1ac9338744f61a02 -> 
  custom:video-encoder-webm-vp8: eb34c28f22e8b96e1ab97ce403110664 -> 
  custom:audio-encoder-webm-vorbis: bf7c407c2cedff20999df2af8eb42d56 -> 
  custom:framework-win-MediaFoundation: 216162199b28c13a410421893ffa2e32 -> 
  custom:container-demuxer-ogg: 62fdf1f143b41e24485cea50d1cbac27 -> 
  custom:video-decoder-webm-vp8: 9c59270c3fd7afecdb556c50c9e8de78 -> 
  custom:audio-decoder-ogg-vorbis: bf7c407c2cedff20999df2af8eb42d56 -> 
========================================================================
Received Prepare
Registering precompiled user dll's ...
Registered in 0.004451 seconds.
Begin MonoManager ReloadAssembly
Symbol file LoadedFromMemory doesn't match image C:\Users\Senkuviene\Desktop\Sunkiausiaszaidimas2\Library\PackageCache\com.unity.visualscripting@1.7.8\Editor\VisualScripting.Core\Dependencies\YamlDotNet\Unity.VisualScripting.YamlDotNet.dll
Symbol file LoadedFromMemory doesn't match image C:\Users\Senkuviene\Desktop\Sunkiausiaszaidimas2\Library\PackageCache\com.unity.visualscripting@1.7.8\Editor\VisualScripting.Core\Dependencies\DotNetZip\Unity.VisualScripting.IonicZip.dll
Native extension for WindowsStandalone target not found
Native extension for WebGL target not found
Refreshing native plugins compatible for Editor in 0.50 ms, found 3 plugins.
Preloading 0 native plugins for Editor in 0.00 ms.
Mono: successfully reloaded assembly
- Completed reload, in  0.893 seconds
Domain Reload Profiling:
	ReloadAssembly (893ms)
		BeginReloadAssembly (110ms)
			ExecutionOrderSort (0ms)
			DisableScriptedObjects (4ms)
			BackupInstance (0ms)
			ReleaseScriptingObjects (0ms)
			CreateAndSetChildDomain (30ms)
		EndReloadAssembly (708ms)
			LoadAssemblies (71ms)
			RebuildTransferFunctionScriptingTraits (0ms)
			SetupTypeCache (240ms)
			ReleaseScriptCaches (2ms)
			RebuildScriptCaches (39ms)
			SetupLoadedEditorAssemblies (313ms)
				LogAssemblyErrors (0ms)
				InitializePlatformSupportModulesInManaged (14ms)
				SetLoadedEditorAssemblies (0ms)
				RefreshPlugins (1ms)
				BeforeProcessingInitializeOnLoad (61ms)
				ProcessInitializeOnLoadAttributes (202ms)
				ProcessInitializeOnLoadMethodAttributes (27ms)
				AfterProcessingInitializeOnLoad (8ms)
				EditorAssembliesLoaded (0ms)
			ExecutionOrderSort2 (0ms)
			AwakeInstancesAfterBackupRestoration (8ms)
Platform modules already initialized, skipping
Refreshing native plugins compatible for Editor in 1.79 ms, found 3 plugins.
Preloading 0 native plugins for Editor in 0.00 ms.
Unloading 3379 Unused Serialized files (Serialized files now loaded: 0)
Unloading 20 unused Assets / (79.9 KB). Loaded Objects now: 3900.
Memory consumption went from 121.1 MB to 121.0 MB.
Total: 2.569200 ms (FindLiveObjects: 0.214100 ms CreateObjectMapping: 0.115700 ms MarkObjects: 2.160600 ms  DeleteObjects: 0.077800 ms)

AssetImportParameters requested are different than current active one (requested -> active):
  custom:video-decoder-ogg-theora: a1e56fd34408186e4bbccfd4996cb3dc -> 
  custom:container-muxer-webm: aa71ff27fc2769a1b78a27578f13a17b -> 
  custom:container-demuxer-webm: 4f35f7cbe854078d1ac9338744f61a02 -> 
  custom:video-encoder-webm-vp8: eb34c28f22e8b96e1ab97ce403110664 -> 
  custom:audio-encoder-webm-vorbis: bf7c407c2cedff20999df2af8eb42d56 -> 
  custom:framework-win-MediaFoundation: 216162199b28c13a410421893ffa2e32 -> 
  custom:container-demuxer-ogg: 62fdf1f143b41e24485cea50d1cbac27 -> 
  custom:video-decoder-webm-vp8: 9c59270c3fd7afecdb556c50c9e8de78 -> 
  custom:audio-decoder-ogg-vorbis: bf7c407c2cedff20999df2af8eb42d56 -> 
========================================================================
Received Prepare
Registering precompiled user dll's ...
Registered in 0.004683 seconds.
Begin MonoManager ReloadAssembly
Symbol file LoadedFromMemory doesn't match image C:\Users\Senkuviene\Desktop\Sunkiausiaszaidimas2\Library\PackageCache\com.unity.visualscripting@1.7.8\Editor\VisualScripting.Core\Dependencies\YamlDotNet\Unity.VisualScripting.YamlDotNet.dll
Symbol file LoadedFromMemory doesn't match image C:\Users\Senkuviene\Desktop\Sunkiausiaszaidimas2\Library\PackageCache\com.unity.visualscripting@1.7.8\Editor\VisualScripting.Core\Dependencies\DotNetZip\Unity.VisualScripting.IonicZip.dll
Native extension for WindowsStandalone target not found
Native extension for WebGL target not found
Refreshing native plugins compatible for Editor in 0.74 ms, found 3 plugins.
Preloading 0 native plugins for Editor in 0.00 ms.
Mono: successfully reloaded assembly
- Completed reload, in  0.856 seconds
Domain Reload Profiling:
	ReloadAssembly (856ms)
		BeginReloadAssembly (109ms)
			ExecutionOrderSort (0ms)
			DisableScriptedObjects (4ms)
			BackupInstance (0ms)
			ReleaseScriptingObjects (0ms)
			CreateAndSetChildDomain (28ms)
		EndReloadAssembly (668ms)
			LoadAssemblies (70ms)
			RebuildTransferFunctionScriptingTraits (0ms)
			SetupTypeCache (218ms)
			ReleaseScriptCaches (1ms)
			RebuildScriptCaches (36ms)
			SetupLoadedEditorAssemblies (307ms)
				LogAssemblyErrors (0ms)
				InitializePlatformSupportModulesInManaged (14ms)
				SetLoadedEditorAssemblies (1ms)
				RefreshPlugins (1ms)
				BeforeProcessingInitializeOnLoad (64ms)
				ProcessInitializeOnLoadAttributes (196ms)
				ProcessInitializeOnLoadMethodAttributes (26ms)
				AfterProcessingInitializeOnLoad (6ms)
				EditorAssembliesLoaded (0ms)
			ExecutionOrderSort2 (0ms)
			AwakeInstancesAfterBackupRestoration (5ms)
Platform modules already initialized, skipping
Refreshing native plugins compatible for Editor in 1.67 ms, found 3 plugins.
Preloading 0 native plugins for Editor in 0.00 ms.
Unloading 3379 Unused Serialized files (Serialized files now loaded: 0)
Unloading 20 unused Assets / (79.8 KB). Loaded Objects now: 3903.
Memory consumption went from 121.1 MB to 121.0 MB.
Total: 2.726300 ms (FindLiveObjects: 0.194400 ms CreateObjectMapping: 0.099800 ms MarkObjects: 2.333000 ms  DeleteObjects: 0.097700 ms)

AssetImportParameters requested are different than current active one (requested -> active):
  custom:video-decoder-ogg-theora: a1e56fd34408186e4bbccfd4996cb3dc -> 
  custom:container-muxer-webm: aa71ff27fc2769a1b78a27578f13a17b -> 
  custom:container-demuxer-webm: 4f35f7cbe854078d1ac9338744f61a02 -> 
  custom:video-encoder-webm-vp8: eb34c28f22e8b96e1ab97ce403110664 -> 
  custom:audio-encoder-webm-vorbis: bf7c407c2cedff20999df2af8eb42d56 -> 
  custom:framework-win-MediaFoundation: 216162199b28c13a410421893ffa2e32 -> 
  custom:container-demuxer-ogg: 62fdf1f143b41e24485cea50d1cbac27 -> 
  custom:video-decoder-webm-vp8: 9c59270c3fd7afecdb556c50c9e8de78 -> 
  custom:audio-decoder-ogg-vorbis: bf7c407c2cedff20999df2af8eb42d56 -> 
========================================================================
Received Prepare
Registering precompiled user dll's ...
Registered in 0.005102 seconds.
Begin MonoManager ReloadAssembly
Symbol file LoadedFromMemory doesn't match image C:\Users\Senkuviene\Desktop\Sunkiausiaszaidimas2\Library\PackageCache\com.unity.visualscripting@1.7.8\Editor\VisualScripting.Core\Dependencies\YamlDotNet\Unity.VisualScripting.YamlDotNet.dll
Symbol file LoadedFromMemory doesn't match image C:\Users\Senkuviene\Desktop\Sunkiausiaszaidimas2\Library\PackageCache\com.unity.visualscripting@1.7.8\Editor\VisualScripting.Core\Dependencies\DotNetZip\Unity.VisualScripting.IonicZip.dll
Native extension for WindowsStandalone target not found
Native extension for WebGL target not found
Refreshing native plugins compatible for Editor in 0.48 ms, found 3 plugins.
Preloading 0 native plugins for Editor in 0.00 ms.
Mono: successfully reloaded assembly
- Completed reload, in  0.953 seconds
Domain Reload Profiling:
	ReloadAssembly (954ms)
		BeginReloadAssembly (107ms)
			ExecutionOrderSort (0ms)
			DisableScriptedObjects (4ms)
			BackupInstance (0ms)
			ReleaseScriptingObjects (0ms)
			CreateAndSetChildDomain (26ms)
		EndReloadAssembly (758ms)
			LoadAssemblies (68ms)
			RebuildTransferFunctionScriptingTraits (0ms)
			SetupTypeCache (233ms)
			ReleaseScriptCaches (1ms)
			RebuildScriptCaches (42ms)
			SetupLoadedEditorAssemblies (360ms)
				LogAssemblyErrors (0ms)
				InitializePlatformSupportModulesInManaged (16ms)
				SetLoadedEditorAssemblies (0ms)
				RefreshPlugins (1ms)
				BeforeProcessingInitializeOnLoad (69ms)
				ProcessInitializeOnLoadAttributes (236ms)
				ProcessInitializeOnLoadMethodAttributes (31ms)
				AfterProcessingInitializeOnLoad (8ms)
				EditorAssembliesLoaded (0ms)
			ExecutionOrderSort2 (0ms)
			AwakeInstancesAfterBackupRestoration (7ms)
Platform modules already initialized, skipping
Refreshing native plugins compatible for Editor in 2.41 ms, found 3 plugins.
Preloading 0 native plugins for Editor in 0.00 ms.
Unloading 3379 Unused Serialized files (Serialized files now loaded: 0)
Unloading 20 unused Assets / (79.8 KB). Loaded Objects now: 3906.
Memory consumption went from 121.1 MB to 121.0 MB.
Total: 2.567200 ms (FindLiveObjects: 0.205200 ms CreateObjectMapping: 0.118500 ms MarkObjects: 2.166000 ms  DeleteObjects: 0.076500 ms)

AssetImportParameters requested are different than current active one (requested -> active):
  custom:video-decoder-ogg-theora: a1e56fd34408186e4bbccfd4996cb3dc -> 
  custom:container-muxer-webm: aa71ff27fc2769a1b78a27578f13a17b -> 
  custom:container-demuxer-webm: 4f35f7cbe854078d1ac9338744f61a02 -> 
  custom:video-encoder-webm-vp8: eb34c28f22e8b96e1ab97ce403110664 -> 
  custom:audio-encoder-webm-vorbis: bf7c407c2cedff20999df2af8eb42d56 -> 
  custom:framework-win-MediaFoundation: 216162199b28c13a410421893ffa2e32 -> 
  custom:container-demuxer-ogg: 62fdf1f143b41e24485cea50d1cbac27 -> 
  custom:video-decoder-webm-vp8: 9c59270c3fd7afecdb556c50c9e8de78 -> 
  custom:audio-decoder-ogg-vorbis: bf7c407c2cedff20999df2af8eb42d56 -> 
========================================================================
Received Import Request.
  Time since last request: 993.871810 seconds.
  path: Assets/FBX format 1/craft_speederD.fbx
  artifactKey: Guid(9283c92e1aeae8740bea6bcad326372d) Importer(815301076,1909f56bfc062723c751e8b465ee728b)
Start importing Assets/FBX format 1/craft_speederD.fbx using Guid(9283c92e1aeae8740bea6bcad326372d) Importer(815301076,1909f56bfc062723c751e8b465ee728b)  -> (artifact id: 'b87573facd323898981028e5fa28cadf') in 0.119240 seconds 
========================================================================
Received Import Request.
  Time since last request: 0.000029 seconds.
  path: Assets/FBX format 1/pipe_supportLow.fbx
  artifactKey: Guid(94227fe8e3a62bb498bc3490a70e806f) Importer(815301076,1909f56bfc062723c751e8b465ee728b)
Start importing Assets/FBX format 1/pipe_supportLow.fbx using Guid(94227fe8e3a62bb498bc3490a70e806f) Importer(815301076,1909f56bfc062723c751e8b465ee728b)  -> (artifact id: 'a1a3d89f2d1dbc7d28800392cf5f0f36') in 0.050625 seconds 
========================================================================
Received Import Request.
  Time since last request: 0.000026 seconds.
  path: Assets/FBX format 1/monorail_trackCornerSmall.fbx
  artifactKey: Guid(01780cee8f5f7e24aa8dcb8ee4f81157) Importer(815301076,1909f56bfc062723c751e8b465ee728b)
Start importing Assets/FBX format 1/monorail_trackCornerSmall.fbx using Guid(01780cee8f5f7e24aa8dcb8ee4f81157) Importer(815301076,1909f56bfc062723c751e8b465ee728b)  -> (artifact id: '450bf397b26c55f837fc7de33c732b86') in 0.049265 seconds 
========================================================================
Received Import Request.
  Time since last request: 0.000024 seconds.
  path: Assets/FBX format 1/rock_crystals.fbx
  artifactKey: Guid(48e905ccb1e75d0479b6601532c367e5) Importer(815301076,1909f56bfc062723c751e8b465ee728b)
Start importing Assets/FBX format 1/rock_crystals.fbx using Guid(48e905ccb1e75d0479b6601532c367e5) Importer(815301076,1909f56bfc062723c751e8b465ee728b)  -> (artifact id: '2c31135e14e14b44d6531e5a43f141eb') in 0.025709 seconds 
========================================================================
Received Import Request.
  Time since last request: 0.000018 seconds.
  path: Assets/FBX format 1/pipe_ringSupport.fbx
  artifactKey: Guid(bff020c11b2c50c40a1926e5088846b3) Importer(815301076,1909f56bfc062723c751e8b465ee728b)
Start importing Assets/FBX format 1/pipe_ringSupport.fbx using Guid(bff020c11b2c50c40a1926e5088846b3) Importer(815301076,1909f56bfc062723c751e8b465ee728b)  -> (artifact id: '6c2d3d364826c291e38f5314f411bc2e') in 0.028530 seconds 
========================================================================
Received Import Request.
  Time since last request: 0.000017 seconds.
  path: Assets/FBX format 1/monorail_trackSupport.fbx
  artifactKey: Guid(afc6e83bd3a97654496f5cf1ed1ac337) Importer(815301076,1909f56bfc062723c751e8b465ee728b)
Start importing Assets/FBX format 1/monorail_trackSupport.fbx using Guid(afc6e83bd3a97654496f5cf1ed1ac337) Importer(815301076,1909f56bfc062723c751e8b465ee728b)  -> (artifact id: '7b2818ba26b9a3b08e25bf0a3d9c56c5') in 0.029641 seconds 
========================================================================
Received Import Request.
  Time since last request: 0.000018 seconds.
  path: Assets/FBX format 1/pipe_cornerDiagonal.fbx
  artifactKey: Guid(3c7625994a4262348ad910356952d954) Importer(815301076,1909f56bfc062723c751e8b465ee728b)
Start importing Assets/FBX format 1/pipe_cornerDiagonal.fbx using Guid(3c7625994a4262348ad910356952d954) Importer(815301076,1909f56bfc062723c751e8b465ee728b)  -> (artifact id: 'ec05d03d64964d72185725188c2d7bac') in 0.026786 seconds 
========================================================================
Received Import Request.
  Time since last request: 0.000021 seconds.
  path: Assets/FBX format 1/machine_barrel.fbx
  artifactKey: Guid(06d22cf74954f1b438f76a1d52b08a9b) Importer(815301076,1909f56bfc062723c751e8b465ee728b)
Start importing Assets/FBX format 1/machine_barrel.fbx using Guid(06d22cf74954f1b438f76a1d52b08a9b) Importer(815301076,1909f56bfc062723c751e8b465ee728b)  -> (artifact id: '1c90fa1409c178a77b6c74d684451b19') in 0.037334 seconds 
========================================================================
Received Import Request.
  Time since last request: 0.000023 seconds.
  path: Assets/FBX format 1/monorail_trackStraight.fbx
  artifactKey: Guid(e0a8a641ad8944e47a3ea17231362cd5) Importer(815301076,1909f56bfc062723c751e8b465ee728b)
Start importing Assets/FBX format 1/monorail_trackStraight.fbx using Guid(e0a8a641ad8944e47a3ea17231362cd5) Importer(815301076,1909f56bfc062723c751e8b465ee728b)  -> (artifact id: '765e4701aebf6eb29e13e3fb5f24b217') in 0.028520 seconds 
========================================================================
Received Import Request.
  Time since last request: 0.000030 seconds.
  path: Assets/FBX format 1/rail_middle.fbx
  artifactKey: Guid(8183aef0bb2c93147a89120f82fa2983) Importer(815301076,1909f56bfc062723c751e8b465ee728b)
Start importing Assets/FBX format 1/rail_middle.fbx using Guid(8183aef0bb2c93147a89120f82fa2983) Importer(815301076,1909f56bfc062723c751e8b465ee728b)  -> (artifact id: '0441c70a89e5620e185fbe42ab8c1020') in 0.029459 seconds 
========================================================================
Received Import Request.
  Time since last request: 0.000036 seconds.
  path: Assets/FBX format 1/platform_center.fbx
  artifactKey: Guid(4dddc3c5828f7de49bd8f9a079f1de02) Importer(815301076,1909f56bfc062723c751e8b465ee728b)
Start importing Assets/FBX format 1/platform_center.fbx using Guid(4dddc3c5828f7de49bd8f9a079f1de02) Importer(815301076,1909f56bfc062723c751e8b465ee728b)  -> (artifact id: '2be097d9b59e2071076a45b53f384eb5') in 0.017961 seconds 
========================================================================
Received Import Request.
  Time since last request: 0.000023 seconds.
  path: Assets/FBX format 1/pipe_rampLarge.fbx
  artifactKey: Guid(4f9b7858cbf47b540867ffb152ede955) Importer(815301076,1909f56bfc062723c751e8b465ee728b)
Start importing Assets/FBX format 1/pipe_rampLarge.fbx using Guid(4f9b7858cbf47b540867ffb152ede955) Importer(815301076,1909f56bfc062723c751e8b465ee728b)  -> (artifact id: '0298ea73c7d38076d095b57f84bae204') in 0.027760 seconds 
========================================================================
Received Import Request.
  Time since last request: 0.000025 seconds.
  path: Assets/FBX format 1/pipe_corner.fbx
  artifactKey: Guid(a0d19664764cfa243ba6b2c97b0f3cef) Importer(815301076,1909f56bfc062723c751e8b465ee728b)
Start importing Assets/FBX format 1/pipe_corner.fbx using Guid(a0d19664764cfa243ba6b2c97b0f3cef) Importer(815301076,1909f56bfc062723c751e8b465ee728b)  -> (artifact id: 'fbb1a338087c5fa849ec23efe5fad327') in 0.024094 seconds 
========================================================================
Received Import Request.
  Time since last request: 0.000021 seconds.
  path: Assets/FBX format 1/desk_chairArms.fbx
  artifactKey: Guid(f7b4d85de1adaae42b520c0fd07cb91f) Importer(815301076,1909f56bfc062723c751e8b465ee728b)
Start importing Assets/FBX format 1/desk_chairArms.fbx using Guid(f7b4d85de1adaae42b520c0fd07cb91f) Importer(815301076,1909f56bfc062723c751e8b465ee728b)  -> (artifact id: '443894fb3f2f6a501efbac22a07281dd') in 0.031283 seconds 
========================================================================
Received Import Request.
  Time since last request: 0.000028 seconds.
  path: Assets/FBX format 1/machine_wireless.fbx
  artifactKey: Guid(6388145496a162348a80401cbcb51040) Importer(815301076,1909f56bfc062723c751e8b465ee728b)
Start importing Assets/FBX format 1/machine_wireless.fbx using Guid(6388145496a162348a80401cbcb51040) Importer(815301076,1909f56bfc062723c751e8b465ee728b)  -> (artifact id: '4224a19eaa03640460ff41163b7afe9f') in 0.033410 seconds 
========================================================================
Received Import Request.
  Time since last request: 0.000023 seconds.
  path: Assets/FBX format 1/meteor_half.fbx
  artifactKey: Guid(8bef488e604d91f45958e2e839d435b8) Importer(815301076,1909f56bfc062723c751e8b465ee728b)
Start importing Assets/FBX format 1/meteor_half.fbx using Guid(8bef488e604d91f45958e2e839d435b8) Importer(815301076,1909f56bfc062723c751e8b465ee728b)  -> (artifact id: 'b1eb5c2111fb3963b54f641edde3c932') in 0.025022 seconds 
========================================================================
Received Import Request.
  Time since last request: 0.000021 seconds.
  path: Assets/FBX format 1/machine_wirelessCable.fbx
  artifactKey: Guid(82572d161a5f5ed4c861b3ffffb29b53) Importer(815301076,1909f56bfc062723c751e8b465ee728b)
Start importing Assets/FBX format 1/machine_wirelessCable.fbx using Guid(82572d161a5f5ed4c861b3ffffb29b53) Importer(815301076,1909f56bfc062723c751e8b465ee728b)  -> (artifact id: '00e9a2a2090888801a98b9089c12175d') in 0.039315 seconds 
========================================================================
Received Import Request.
  Time since last request: 0.000029 seconds.
  path: Assets/FBX format 1/rail_corner.fbx
  artifactKey: Guid(70f9fcfcd5bba564a9677e53e8782a26) Importer(815301076,1909f56bfc062723c751e8b465ee728b)
Start importing Assets/FBX format 1/rail_corner.fbx using Guid(70f9fcfcd5bba564a9677e53e8782a26) Importer(815301076,1909f56bfc062723c751e8b465ee728b)  -> (artifact id: '4d7e0c797bbc599cb6ed75c35f6a2da8') in 0.023011 seconds 
========================================================================
Received Import Request.
  Time since last request: 0.000023 seconds.
  path: Assets/FBX format 1/platform_side.fbx
  artifactKey: Guid(5d8e6f7be2586aa4e82528043e548b73) Importer(815301076,1909f56bfc062723c751e8b465ee728b)
Start importing Assets/FBX format 1/platform_side.fbx using Guid(5d8e6f7be2586aa4e82528043e548b73) Importer(815301076,1909f56bfc062723c751e8b465ee728b)  -> (artifact id: '3cb496a5ac05781c25b82b9442bd6394') in 0.026354 seconds 
========================================================================
Received Import Request.
  Time since last request: 0.000023 seconds.
  path: Assets/FBX format 1/desk_chair.fbx
  artifactKey: Guid(2a41bb3fcb5c4b34f835f7eac24a6504) Importer(815301076,1909f56bfc062723c751e8b465ee728b)
Start importing Assets/FBX format 1/desk_chair.fbx using Guid(2a41bb3fcb5c4b34f835f7eac24a6504) Importer(815301076,1909f56bfc062723c751e8b465ee728b)  -> (artifact id: 'c5d4a6ba5794e8b0052d0ebe1ff0e64a') in 0.031043 seconds 
========================================================================
Received Import Request.
  Time since last request: 0.000022 seconds.
  path: Assets/FBX format 1/hangar_roundGlass.fbx
  artifactKey: Guid(d447eb9fc4a0f1547a564a05631260f2) Importer(815301076,1909f56bfc062723c751e8b465ee728b)
Start importing Assets/FBX format 1/hangar_roundGlass.fbx using Guid(d447eb9fc4a0f1547a564a05631260f2) Importer(815301076,1909f56bfc062723c751e8b465ee728b)  -> (artifact id: 'a8f12bc187c7ab2c3dd4ff7b9505c500') in 0.031522 seconds 
========================================================================
Received Import Request.
  Time since last request: 0.000030 seconds.
  path: Assets/FBX format 1/hangar_largeB.fbx
  artifactKey: Guid(94040a94d15a4c04e983cba40c367efd) Importer(815301076,1909f56bfc062723c751e8b465ee728b)
Start importing Assets/FBX format 1/hangar_largeB.fbx using Guid(94040a94d15a4c04e983cba40c367efd) Importer(815301076,1909f56bfc062723c751e8b465ee728b)  -> (artifact id: 'b00248ee4176879db2a8942cec59dc04') in 0.046781 seconds 
========================================================================
Received Import Request.
  Time since last request: 0.000025 seconds.
  path: Assets/FBX format 1/pipe_rampSmall.fbx
  artifactKey: Guid(c73e9c0354212d8499738d781348a3de) Importer(815301076,1909f56bfc062723c751e8b465ee728b)
Start importing Assets/FBX format 1/pipe_rampSmall.fbx using Guid(c73e9c0354212d8499738d781348a3de) Importer(815301076,1909f56bfc062723c751e8b465ee728b)  -> (artifact id: 'fb0a677f9cd98e0e47243ec89b07bbde') in 0.028639 seconds 
========================================================================
Received Import Request.
  Time since last request: 0.000030 seconds.
  path: Assets/FBX format 1/machine_generatorLarge.fbx
  artifactKey: Guid(c0a282b9657f14e4fb6a5d8c98aac3fc) Importer(815301076,1909f56bfc062723c751e8b465ee728b)
Start importing Assets/FBX format 1/machine_generatorLarge.fbx using Guid(c0a282b9657f14e4fb6a5d8c98aac3fc) Importer(815301076,1909f56bfc062723c751e8b465ee728b)  -> (artifact id: '8d0821627201afd515c7c132b74a89d8') in 0.035914 seconds 
========================================================================
Received Import Request.
  Time since last request: 0.000028 seconds.
  path: Assets/FBX format 1/meteor.fbx
  artifactKey: Guid(2f703cd600bd12b4bbf417be7f193e19) Importer(815301076,1909f56bfc062723c751e8b465ee728b)
Start importing Assets/FBX format 1/meteor.fbx using Guid(2f703cd600bd12b4bbf417be7f193e19) Importer(815301076,1909f56bfc062723c751e8b465ee728b)  -> (artifact id: '354f7eb1aa0ebd360b49ef7e1e569587') in 0.023115 seconds 
========================================================================
Received Import Request.
  Time since last request: 0.000022 seconds.
  path: Assets/FBX format 1/monorail_trainCargo.fbx
  artifactKey: Guid(8d6281a770bef4f469cb8b16c6549fb7) Importer(815301076,1909f56bfc062723c751e8b465ee728b)
Start importing Assets/FBX format 1/monorail_trainCargo.fbx using Guid(8d6281a770bef4f469cb8b16c6549fb7) Importer(815301076,1909f56bfc062723c751e8b465ee728b)  -> (artifact id: '1e5bd40b0925340e9e889f57529979cf') in 0.046211 seconds 
========================================================================
Received Import Request.
  Time since last request: 0.000022 seconds.
  path: Assets/FBX format 1/pipe_ringHigh.fbx
  artifactKey: Guid(f5a5cc29df2d5534b8ba73fa31fbfd0e) Importer(815301076,1909f56bfc062723c751e8b465ee728b)
Start importing Assets/FBX format 1/pipe_ringHigh.fbx using Guid(f5a5cc29df2d5534b8ba73fa31fbfd0e) Importer(815301076,1909f56bfc062723c751e8b465ee728b)  -> (artifact id: '6aa74caab05416dae3e765ce5c73c06c') in 0.034032 seconds 
========================================================================
Received Import Request.
  Time since last request: 0.000022 seconds.
  path: Assets/FBX format 1/monorail_trackSlope.fbx
  artifactKey: Guid(65e0d32368ff9d94e8a73cdaceb2cd8f) Importer(815301076,1909f56bfc062723c751e8b465ee728b)
Start importing Assets/FBX format 1/monorail_trackSlope.fbx using Guid(65e0d32368ff9d94e8a73cdaceb2cd8f) Importer(815301076,1909f56bfc062723c751e8b465ee728b)  -> (artifact id: '628becd11d9ffe1617b3d3e7157bef88') in 0.027048 seconds 
========================================================================
Received Import Request.
  Time since last request: 0.000024 seconds.
  path: Assets/FBX format 1/pipe_split.fbx
  artifactKey: Guid(522e171b04a36394cb4491818591af5f) Importer(815301076,1909f56bfc062723c751e8b465ee728b)
Start importing Assets/FBX format 1/pipe_split.fbx using Guid(522e171b04a36394cb4491818591af5f) Importer(815301076,1909f56bfc062723c751e8b465ee728b)  -> (artifact id: 'cfac19ddc312ae0c44e7ec6cf3e50db2') in 0.026882 seconds 
========================================================================
Received Import Request.
  Time since last request: 0.000028 seconds.
  path: Assets/FBX format 1/platform_cornerRound.fbx
  artifactKey: Guid(66e816427e6327347acddf1796367468) Importer(815301076,1909f56bfc062723c751e8b465ee728b)
Start importing Assets/FBX format 1/platform_cornerRound.fbx using Guid(66e816427e6327347acddf1796367468) Importer(815301076,1909f56bfc062723c751e8b465ee728b)  -> (artifact id: '901b93fb41d15789d128a4b149ad3c1d') in 0.029987 seconds 
========================================================================
Received Import Request.
  Time since last request: 0.000023 seconds.
  path: Assets/FBX format 1/pipe_cornerRound.fbx
  artifactKey: Guid(6fb2c7eb8fd03854cb9837223c6da080) Importer(815301076,1909f56bfc062723c751e8b465ee728b)
Start importing Assets/FBX format 1/pipe_cornerRound.fbx using Guid(6fb2c7eb8fd03854cb9837223c6da080) Importer(815301076,1909f56bfc062723c751e8b465ee728b)  -> (artifact id: 'fa1aad84180251e72a38fc3f0e7d26d9') in 0.027712 seconds 
========================================================================
Received Import Request.
  Time since last request: 0.000037 seconds.
  path: Assets/FBX format 1/monorail_trainBox.fbx
  artifactKey: Guid(4109b647173067247956f32168ad6ead) Importer(815301076,1909f56bfc062723c751e8b465ee728b)
Start importing Assets/FBX format 1/monorail_trainBox.fbx using Guid(4109b647173067247956f32168ad6ead) Importer(815301076,1909f56bfc062723c751e8b465ee728b)  -> (artifact id: 'f4992dee335ae9399a241db8d4281d14') in 0.032114 seconds 
========================================================================
Received Import Request.
  Time since last request: 0.000028 seconds.
  path: Assets/FBX format 1/pipe_ring.fbx
  artifactKey: Guid(ed0f4693c86e73a4595926d05933a6c6) Importer(815301076,1909f56bfc062723c751e8b465ee728b)
Start importing Assets/FBX format 1/pipe_ring.fbx using Guid(ed0f4693c86e73a4595926d05933a6c6) Importer(815301076,1909f56bfc062723c751e8b465ee728b)  -> (artifact id: '7eed406a1429e54631c5563e77ccd12a') in 0.030631 seconds 
========================================================================
Received Import Request.
  Time since last request: 0.000027 seconds.
  path: Assets/FBX format 1/monorail_trainFront.fbx
  artifactKey: Guid(71211e6eb877fe544a88c73aff90fd39) Importer(815301076,1909f56bfc062723c751e8b465ee728b)
Start importing Assets/FBX format 1/monorail_trainFront.fbx using Guid(71211e6eb877fe544a88c73aff90fd39) Importer(815301076,1909f56bfc062723c751e8b465ee728b)  -> (artifact id: 'b84e7130e8dbf8207bf09c1110c2d5b0') in 0.032109 seconds 
========================================================================
Received Import Request.
  Time since last request: 0.000026 seconds.
  path: Assets/FBX format 1/pipe_ringHighEnd.fbx
  artifactKey: Guid(52b1d141258b0244abd84a79c03f33d0) Importer(815301076,1909f56bfc062723c751e8b465ee728b)
Start importing Assets/FBX format 1/pipe_ringHighEnd.fbx using Guid(52b1d141258b0244abd84a79c03f33d0) Importer(815301076,1909f56bfc062723c751e8b465ee728b)  -> (artifact id: '6ef351a9817cf5af6a7e19427d8c354f') in 0.035758 seconds 
========================================================================
Received Import Request.
  Time since last request: 0.000025 seconds.
  path: Assets/FBX format 1/pipe_open.fbx
  artifactKey: Guid(61e96392386de0848bb16224f9cd9b3d) Importer(815301076,1909f56bfc062723c751e8b465ee728b)
Start importing Assets/FBX format 1/pipe_open.fbx using Guid(61e96392386de0848bb16224f9cd9b3d) Importer(815301076,1909f56bfc062723c751e8b465ee728b)  -> (artifact id: '083c7b3892e2b0b4d4f7276278231279') in 0.024783 seconds 
========================================================================
Received Import Request.
  Time since last request: 0.000022 seconds.
  path: Assets/FBX format 1/pipe_supportHigh.fbx
  artifactKey: Guid(d879e2585baea7e48a0ca1ae6f28e323) Importer(815301076,1909f56bfc062723c751e8b465ee728b)
Start importing Assets/FBX format 1/pipe_supportHigh.fbx using Guid(d879e2585baea7e48a0ca1ae6f28e323) Importer(815301076,1909f56bfc062723c751e8b465ee728b)  -> (artifact id: 'ff376786c3a034e230cb923023a1d71d') in 0.028535 seconds 
========================================================================
Received Import Request.
  Time since last request: 0.000030 seconds.
  path: Assets/FBX format 1/hangar_smallA.fbx
  artifactKey: Guid(a17606c8126f8194e925c275fa8c8454) Importer(815301076,1909f56bfc062723c751e8b465ee728b)
Start importing Assets/FBX format 1/hangar_smallA.fbx using Guid(a17606c8126f8194e925c275fa8c8454) Importer(815301076,1909f56bfc062723c751e8b465ee728b)  -> (artifact id: '1e47479f7c36e98c23956fa1552ebb4e') in 0.049644 seconds 
========================================================================
Received Import Request.
  Time since last request: 0.061489 seconds.
  path: Assets/FBX format 1/alien.fbx
  artifactKey: Guid(677c1043b557b2046b79ec761ec5a630) Importer(815301076,1909f56bfc062723c751e8b465ee728b)
Start importing Assets/FBX format 1/alien.fbx using Guid(677c1043b557b2046b79ec761ec5a630) Importer(815301076,1909f56bfc062723c751e8b465ee728b)  -> (artifact id: '8101aad4d5a6ef006a604b984cc86df7') in 0.081100 seconds 
========================================================================
Received Import Request.
  Time since last request: 0.000022 seconds.
  path: Assets/FBX format 1/corridor.fbx
  artifactKey: Guid(d7c0cad1f990a514f8c1b186384e68cb) Importer(815301076,1909f56bfc062723c751e8b465ee728b)
Start importing Assets/FBX format 1/corridor.fbx using Guid(d7c0cad1f990a514f8c1b186384e68cb) Importer(815301076,1909f56bfc062723c751e8b465ee728b)  -> (artifact id: '479908c6fc2abfd172dacb539000a926') in 0.040814 seconds 
========================================================================
Received Import Request.
  Time since last request: 0.000025 seconds.
  path: Assets/FBX format 1/corridor_wall.fbx
  artifactKey: Guid(34b8c0e5b9bac3b49b0b92d1b7f0e02f) Importer(815301076,1909f56bfc062723c751e8b465ee728b)
Start importing Assets/FBX format 1/corridor_wall.fbx using Guid(34b8c0e5b9bac3b49b0b92d1b7f0e02f) Importer(815301076,1909f56bfc062723c751e8b465ee728b)  -> (artifact id: '79c6ebc3045902153679e69ebfee24f6') in 0.042610 seconds 
========================================================================
Received Import Request.
  Time since last request: 0.000024 seconds.
  path: Assets/FBX format 1/corridor_corner.fbx
  artifactKey: Guid(72584cd39b11ae242b78834d52df7145) Importer(815301076,1909f56bfc062723c751e8b465ee728b)
Start importing Assets/FBX format 1/corridor_corner.fbx using Guid(72584cd39b11ae242b78834d52df7145) Importer(815301076,1909f56bfc062723c751e8b465ee728b)  -> (artifact id: '42090dbedf5d2d185350f68c221cd590') in 0.044303 seconds 
========================================================================
Received Import Request.
  Time since last request: 0.000031 seconds.
  path: Assets/FBX format 1/craft_cargoB.fbx
  artifactKey: Guid(23721ff81f8b19647a017b636bcef1e3) Importer(815301076,1909f56bfc062723c751e8b465ee728b)
Start importing Assets/FBX format 1/craft_cargoB.fbx using Guid(23721ff81f8b19647a017b636bcef1e3) Importer(815301076,1909f56bfc062723c751e8b465ee728b)  -> (artifact id: '57ba7321d30ae5353ee5f3e0fca1b8ef') in 0.039552 seconds 
========================================================================
Received Import Request.
  Time since last request: 0.000021 seconds.
  path: Assets/FBX format 1/corridor_wallCorner.fbx
  artifactKey: Guid(86b274b9ec383c149819db6eb99653c3) Importer(815301076,1909f56bfc062723c751e8b465ee728b)
Start importing Assets/FBX format 1/corridor_wallCorner.fbx using Guid(86b274b9ec383c149819db6eb99653c3) Importer(815301076,1909f56bfc062723c751e8b465ee728b)  -> (artifact id: '0aab2e8667a6ed899c8c55a3412b97cc') in 0.048544 seconds 
========================================================================
Received Import Request.
  Time since last request: 0.000022 seconds.
  path: Assets/FBX format 1/astronautB.fbx
  artifactKey: Guid(135e996731cdafb4db6ff472000623ae) Importer(815301076,1909f56bfc062723c751e8b465ee728b)
Start importing Assets/FBX format 1/astronautB.fbx using Guid(135e996731cdafb4db6ff472000623ae) Importer(815301076,1909f56bfc062723c751e8b465ee728b)  -> (artifact id: '10d9707569ab141a078bfc1479b3c74a') in 0.079349 seconds 
========================================================================
Received Import Request.
  Time since last request: 0.000021 seconds.
  path: Assets/FBX format 1/barrels.fbx
  artifactKey: Guid(d6d061503d45a8347b615282b90be93b) Importer(815301076,1909f56bfc062723c751e8b465ee728b)
Start importing Assets/FBX format 1/barrels.fbx using Guid(d6d061503d45a8347b615282b90be93b) Importer(815301076,1909f56bfc062723c751e8b465ee728b)  -> (artifact id: '20ff587bdfa37f5dc54cbe914aac56d7') in 0.059168 seconds 
========================================================================
Received Import Request.
  Time since last request: 0.000028 seconds.
  path: Assets/FBX format 1/corridor_windowClosed.fbx
  artifactKey: Guid(30bfacbdf4c26e1488396c3cf4d79eab) Importer(815301076,1909f56bfc062723c751e8b465ee728b)
Start importing Assets/FBX format 1/corridor_windowClosed.fbx using Guid(30bfacbdf4c26e1488396c3cf4d79eab) Importer(815301076,1909f56bfc062723c751e8b465ee728b)  -> (artifact id: '9e8408d0f7699750cef4d6839ca71f78') in 0.035167 seconds 
========================================================================
Received Import Request.
  Time since last request: 0.000033 seconds.
  path: Assets/FBX format 1/craft_cargoA.fbx
  artifactKey: Guid(4b9960ef6f09d3240873e82aeb0bc056) Importer(815301076,1909f56bfc062723c751e8b465ee728b)
Start importing Assets/FBX format 1/craft_cargoA.fbx using Guid(4b9960ef6f09d3240873e82aeb0bc056) Importer(815301076,1909f56bfc062723c751e8b465ee728b)  -> (artifact id: 'd45972299e1bd04ff2f36ed78031b100') in 0.045505 seconds 
========================================================================
Received Import Request.
  Time since last request: 0.000020 seconds.
  path: Assets/FBX format 1/corridor_window.fbx
  artifactKey: Guid(6830a539d8766dd4381f41427fb8bc2c) Importer(815301076,1909f56bfc062723c751e8b465ee728b)
Start importing Assets/FBX format 1/corridor_window.fbx using Guid(6830a539d8766dd4381f41427fb8bc2c) Importer(815301076,1909f56bfc062723c751e8b465ee728b)  -> (artifact id: 'a7130c1fdbcf63222cbe9cca639e2a2b') in 0.039159 seconds 
========================================================================
Received Import Request.
  Time since last request: 0.000023 seconds.
  path: Assets/FBX format 1/corridor_split.fbx
  artifactKey: Guid(cbf12972033fe804db0b061cea31d500) Importer(815301076,1909f56bfc062723c751e8b465ee728b)
Start importing Assets/FBX format 1/corridor_split.fbx using Guid(cbf12972033fe804db0b061cea31d500) Importer(815301076,1909f56bfc062723c751e8b465ee728b)  -> (artifact id: 'a5b0d76ea1a677fc2e7e607f55fa70fd') in 0.045468 seconds 
========================================================================
Received Import Request.
  Time since last request: 0.000020 seconds.
  path: Assets/FBX format 1/corridor_detailed.fbx
  artifactKey: Guid(3f89fb9224bf1c14998d3426008502aa) Importer(815301076,1909f56bfc062723c751e8b465ee728b)
Start importing Assets/FBX format 1/corridor_detailed.fbx using Guid(3f89fb9224bf1c14998d3426008502aa) Importer(815301076,1909f56bfc062723c751e8b465ee728b)  -> (artifact id: '03945a17740e7398aa070050f12e8c69') in 0.037661 seconds 
========================================================================
Received Import Request.
  Time since last request: 0.000027 seconds.
  path: Assets/FBX format 1/corridor_cross.fbx
  artifactKey: Guid(4e4b85e2cb5b31546848b81df0aa1fc0) Importer(815301076,1909f56bfc062723c751e8b465ee728b)
Start importing Assets/FBX format 1/corridor_cross.fbx using Guid(4e4b85e2cb5b31546848b81df0aa1fc0) Importer(815301076,1909f56bfc062723c751e8b465ee728b)  -> (artifact id: '926653d0843a89f7790d3c72b653671c') in 0.042588 seconds 
========================================================================
Received Import Request.
  Time since last request: 0.000028 seconds.
  path: Assets/FBX format 1/craft_speederA.fbx
  artifactKey: Guid(ff38d12721722df479dcd4e2ccbb4216) Importer(815301076,1909f56bfc062723c751e8b465ee728b)
Start importing Assets/FBX format 1/craft_speederA.fbx using Guid(ff38d12721722df479dcd4e2ccbb4216) Importer(815301076,1909f56bfc062723c751e8b465ee728b)  -> (artifact id: '0507f23c21ba9206573baf6001495fc7') in 0.040437 seconds 
Editor requested this worker to shutdown with reason: Scaling down because of idle timeout
AssetImportWorker is now disconnected from the server
Process exiting
Exiting without the bug reporter. Application will terminate with return code 0